Starting bird fetching
Searching for Blue%20jay
Found title Blue jay
Found main image URL https://upload.wikimedia.org/wikipedia/commons/f/f4/Blue_jay_in_PP_%2830960%29.jpg
Fetching attribution for Blue_jay_in_PP_%2830960%29.jpg
Found attribution Rhododendrites / CC BY-SA 4.0
Downloaded /home/bisensee/repos/birds/public/assets/birds/blue_jay.jpg
Searching for blue+jay
Found recording: Blue Jay
Downloaded /home/bisensee/repos/birds/public/assets/birds/blue_jay.mp3
Searching for Black-browned%20albatross
Found title Black-browed albatross
Found main image URL https://upload.wikimedia.org/wikipedia/commons/1/10/Thalassarche_melanophrys_-_SE_Tasmania.jpg
Fetching attribution for Thalassarche_melanophrys_-_SE_Tasmania.jpg
Found attribution JJ Harrison / CC BY-SA 3.0
Downloaded /home/bisensee/repos/birds/public/assets/birds/black-browned_albatross.jpg
Searching for black-browned+albatross
Removing /home/bisensee/repos/birds/public/assets/birds/black-browned_albatross.jpg due to fetch error
Searching for Northern%20cardinal
Found title Northern cardinal
Found main image URL https://upload.wikimedia.org/wikipedia/commons/5/5c/Male_northern_cardinal_in_Central_Park_%2852612%29.jpg
Fetching attribution for Male_northern_cardinal_in_Central_Park_%2852612%29.jpg
Found attribution Rhododendrites / CC BY-SA 4.0
Downloaded /home/bisensee/repos/birds/public/assets/birds/northern_cardinal.jpg
Searching for northern+cardinal
Found recording: Northern Cardinal
Downloaded /home/bisensee/repos/birds/public/assets/birds/northern_cardinal.mp3
Searching for Peregrine%20falcon
Found title Peregrine falcon
Found main image URL https://upload.wikimedia.org/wikipedia/commons/9/9c/Falco_peregrinus_m_Humber_Bay_Park_Toronto.jpg
Fetching attribution for Falco_peregrinus_m_Humber_Bay_Park_Toronto.jpg
Found attribution Mykola Swarnyk / CC BY-SA 3.0
Downloaded /home/bisensee/repos/birds/public/assets/birds/peregrine_falcon.jpg
Searching for peregrine+falcon
Found recording: Peregrine Falcon
Downloaded /home/bisensee/repos/birds/public/assets/birds/peregrine_falcon.mp3
Searching for Pileated%20woodpecker
Found title Pileated woodpecker
Found main image URL https://upload.wikimedia.org/wikipedia/commons/1/12/PileatedWoodpeckerFeedingonTree%2C_crop.jpg
Fetching attribution for PileatedWoodpeckerFeedingonTree%2C_crop.jpg
Found attribution Joshlaymon / CC BY-SA 3.0
Downloaded /home/bisensee/repos/birds/public/assets/birds/pileated_woodpecker.jpg
Searching for pileated+woodpecker
Found recording: Pileated Woodpecker
Downloaded /home/bisensee/repos/birds/public/assets/birds/pileated_woodpecker.mp3
Searching for Short-eared%20owl
Found title Short-eared owl
Found main image URL https://upload.wikimedia.org/wikipedia/commons/c/c7/Short_Eared_Owl_on_the_Ground.jpg
Fetching attribution for Short_Eared_Owl_on_the_Ground.jpg
Found attribution Sumeet Moghe / CC BY-SA 4.0
Downloaded /home/bisensee/repos/birds/public/assets/birds/short-eared_owl.jpg
Searching for short-eared+owl
Found recording: Short-eared Owl
Downloaded /home/bisensee/repos/birds/public/assets/birds/short-eared_owl.mp3
Searching for Acorn%20woodpecker
Found title Acorn woodpecker
Found main image URL https://upload.wikimedia.org/wikipedia/commons/0/0f/Acorn_woodpecker_holding_a_nut_in_its_beak-0225.jpg
Fetching attribution for Acorn_woodpecker_holding_a_nut_in_its_beak-0225.jpg
Found attribution Frank Schulenburg / CC BY-SA 4.0
Downloaded /home/bisensee/repos/birds/public/assets/birds/acorn_woodpecker.jpg
Searching for acorn+woodpecker
Found recording: Acorn Woodpecker
Downloaded /home/bisensee/repos/birds/public/assets/birds/acorn_woodpecker.mp3
Searching for American%20black%20duck
Found title American black duck
Found main image URL https://upload.wikimedia.org/wikipedia/commons/c/c7/Blackduck.jpg
Fetching attribution for Blackduck.jpg
Found attribution U.S. Fish and Wildlife Service / Public domain
Downloaded /home/bisensee/repos/birds/public/assets/birds/american_black_duck.jpg
Searching for american+black+duck
Found recording: American Black Duck
Downloaded /home/bisensee/repos/birds/public/assets/birds/american_black_duck.mp3
Searching for American%20coot
Found title American coot
Found main image URL https://upload.wikimedia.org/wikipedia/commons/d/d8/American_coot_in_Prospect_Park_%2806152%29.jpg
Fetching attribution for American_coot_in_Prospect_Park_%2806152%29.jpg
Found attribution Rhododendrites / CC BY-SA 4.0
Downloaded /home/bisensee/repos/birds/public/assets/birds/american_coot.jpg
Searching for american+coot
Found recording: American Coot
Downloaded /home/bisensee/repos/birds/public/assets/birds/american_coot.mp3
Searching for American%20goldfinch
Found title American goldfinch
Found main image URL https://upload.wikimedia.org/wikipedia/commons/a/a0/Male_American_Goldfinch_in_Lodi_CA.JPG
Fetching attribution for Male_American_Goldfinch_in_Lodi_CA.JPG
Found attribution Breck22 / CC BY-SA 3.0
Downloaded /home/bisensee/repos/birds/public/assets/birds/american_goldfinch.jpg
Searching for american+goldfinch
Found recording: American Goldfinch
Downloaded /home/bisensee/repos/birds/public/assets/birds/american_goldfinch.mp3
Searching for American%20woodcock
Found title American woodcock
Found main image URL https://upload.wikimedia.org/wikipedia/commons/0/0c/American_Woodcock_Scolopax_minor.jpg
Fetching attribution for American_Woodcock_Scolopax_minor.jpg
Found attribution guizmo_68 / CC BY 2.0
Downloaded /home/bisensee/repos/birds/public/assets/birds/american_woodcock.jpg
Searching for american+woodcock
Found recording: American Woodcock
Downloaded /home/bisensee/repos/birds/public/assets/birds/american_woodcock.mp3
Searching for Annas%20hummingbird
Found title Anna's hummingbird
Found main image URL https://upload.wikimedia.org/wikipedia/commons/c/c4/Anna%27s_hummingbird.jpg
Fetching attribution for Anna%27s_hummingbird.jpg
Found attribution Robert McMorran, United States Fish and Wildlife Service / Public domain
Downloaded /home/bisensee/repos/birds/public/assets/birds/annas_hummingbird.jpg
Searching for annas+hummingbird
Removing /home/bisensee/repos/birds/public/assets/birds/annas_hummingbird.jpg due to fetch error
Searching for Atlantic%20puffin
Found title Atlantic puffin
Found main image URL https://upload.wikimedia.org/wikipedia/commons/c/c4/Puffin_%28Fratercula_arctica%29.jpg
Fetching attribution for Puffin_%28Fratercula_arctica%29.jpg
Found attribution Charles J. Sharp / CC BY-SA 4.0
Downloaded /home/bisensee/repos/birds/public/assets/birds/atlantic_puffin.jpg
Searching for atlantic+puffin
Found recording: Atlantic Puffin
Downloaded /home/bisensee/repos/birds/public/assets/birds/atlantic_puffin.mp3
Searching for Bald%20eagle
Found title Bald eagle
Found main image URL https://upload.wikimedia.org/wikipedia/commons/1/1a/About_to_Launch_%2826075320352%29.jpg
Fetching attribution for About_to_Launch_%2826075320352%29.jpg
Found attribution Andy Morffew / CC BY 2.0
Downloaded /home/bisensee/repos/birds/public/assets/birds/bald_eagle.jpg
Searching for bald+eagle
Found recording: Bald Eagle
Downloaded /home/bisensee/repos/birds/public/assets/birds/bald_eagle.mp3
Searching for Barred%20owl
Found title Barred owl
Found main image URL https://upload.wikimedia.org/wikipedia/commons/3/3c/Strix-varia-005.jpg
Fetching attribution for Strix-varia-005.jpg
Found attribution Mdf / CC-BY-SA-3.0
Downloaded /home/bisensee/repos/birds/public/assets/birds/barred_owl.jpg
Searching for barred+owl
Found recording: Barred Owlet-nightjar
Downloaded /home/bisensee/repos/birds/public/assets/birds/barred_owlet-nightjar.mp3
Searching for Barn%20owl
Found title Barn owl
Found main image URL https://upload.wikimedia.org/wikipedia/commons/a/ab/%27Tutoke%27_-_geograph.org.uk_-_2532332.jpg
Fetching attribution for %27Tutoke%27_-_geograph.org.uk_-_2532332.jpg
Found attribution Peter Trimming / CC BY-SA 2.0
Downloaded /home/bisensee/repos/birds/public/assets/birds/barn_owl.jpg
Searching for barn+owl
Found recording: Western Barn Owl
Downloaded /home/bisensee/repos/birds/public/assets/birds/western_barn_owl.mp3
Searching for Black%20oystercatcher
Found title Black oystercatcher
Found main image URL https://upload.wikimedia.org/wikipedia/commons/7/72/Black_Oystercatcher_HMB_RWD4.jpg
Fetching attribution for Black_Oystercatcher_HMB_RWD4.jpg
Found attribution DickDaniels / CC BY-SA 3.0
Downloaded /home/bisensee/repos/birds/public/assets/birds/black_oystercatcher.jpg
Searching for black+oystercatcher
Found recording: Black Oystercatcher
Downloaded /home/bisensee/repos/birds/public/assets/birds/black_oystercatcher.mp3
Searching for Brant
Found title Brant
Searching for California%20scrub%20jay
Found title California scrub jay
Found main image URL https://upload.wikimedia.org/wikipedia/commons/5/52/Aphelocoma_californica_in_Seattle_cropped.jpg
Fetching attribution for Aphelocoma_californica_in_Seattle_cropped.jpg
Found attribution Aphelocoma_californica_in_Seattle.jpg / CC BY-SA 2.0
Downloaded /home/bisensee/repos/birds/public/assets/birds/california_scrub_jay.jpg
Searching for california+scrub+jay
Found recording: California Scrub Jay
Downloaded /home/bisensee/repos/birds/public/assets/birds/california_scrub_jay.mp3
Searching for Common%20ground%20dove
Found title Common ground dove
Found main image URL https://upload.wikimedia.org/wikipedia/commons/c/c1/CommonGroundDoveJG.jpg
Fetching attribution for CommonGroundDoveJG.jpg
Found attribution MarshBunny / CC BY-SA 4.0
Downloaded /home/bisensee/repos/birds/public/assets/birds/common_ground_dove.jpg
Searching for common+ground+dove
Found recording: Common Ground Dove
Downloaded /home/bisensee/repos/birds/public/assets/birds/common_ground_dove.mp3
Searching for Common%20raven
Found title Common raven
Found main image URL https://upload.wikimedia.org/wikipedia/commons/3/30/Corvus_corax.001_-_Tower_of_London.JPG
Fetching attribution for Corvus_corax.001_-_Tower_of_London.JPG
Found attribution Fernando Losada Rodríguez / CC BY-SA 4.0
Downloaded /home/bisensee/repos/birds/public/assets/birds/common_raven.jpg
Searching for common+raven
Removing /home/bisensee/repos/birds/public/assets/birds/common_raven.jpg due to fetch error
Searching for Dickcissel
Found title Dickcissel
Found main image URL https://upload.wikimedia.org/wikipedia/commons/2/26/DickcisselA.jpg
Fetching attribution for DickcisselA.jpg
Found attribution (The Rebel At) / CC BY-SA 3.0
Downloaded /home/bisensee/repos/birds/public/assets/birds/dickcissel.jpg
Searching for dickcissel
Found recording: Dickcissel
Downloaded /home/bisensee/repos/birds/public/assets/birds/dickcissel.mp3
Searching for Dunlin
Found title Dunlin
Found main image URL https://upload.wikimedia.org/wikipedia/commons/d/dd/DunlinEastPoint.png
Fetching attribution for DunlinEastPoint.png
Found attribution Charles Homler d/b/a FocusOnWildlife / CC BY-SA 4.0
Downloaded /home/bisensee/repos/birds/public/assets/birds/dunlin.jpg
Searching for dunlin
Found recording: Dunlin
Downloaded /home/bisensee/repos/birds/public/assets/birds/dunlin.mp3
Searching for Elegant%20tern
Found title Elegant tern
Found main image URL https://upload.wikimedia.org/wikipedia/commons/5/5b/Elegant_Tern_Bolsa_Chica.jpg
Fetching attribution for Elegant_Tern_Bolsa_Chica.jpg
Found attribution Regular Daddy / CC BY-SA 3.0
Downloaded /home/bisensee/repos/birds/public/assets/birds/elegant_tern.jpg
Searching for elegant+tern
Found recording: Elegant Tern
Downloaded /home/bisensee/repos/birds/public/assets/birds/elegant_tern.mp3
Searching for Glossy%20ibis
Found title Glossy ibis
Found main image URL https://upload.wikimedia.org/wikipedia/commons/2/2e/Glossy_Ibis_-_Fogg_Dam_Conservation_Reserve.jpg
Fetching attribution for Glossy_Ibis_-_Fogg_Dam_Conservation_Reserve.jpg
Found attribution JJ Harrison / CC BY-SA 4.0
Downloaded /home/bisensee/repos/birds/public/assets/birds/glossy_ibis.jpg
Searching for glossy+ibis
Found recording: Glossy Ibis
Downloaded /home/bisensee/repos/birds/public/assets/birds/glossy_ibis.mp3
Searching for Great%20black-backed%20gull
Found title Great black-backed gull
Found main image URL https://upload.wikimedia.org/wikipedia/commons/c/c6/Great_Black-backed_Gull_Larus_marinus.jpg
Fetching attribution for Great_Black-backed_Gull_Larus_marinus.jpg
Found attribution Andreas Trepte / CC BY-SA 2.5
Downloaded /home/bisensee/repos/birds/public/assets/birds/great_black-backed_gull.jpg
Searching for great+black-backed+gull
Found recording: Great Black-backed Gull
Downloaded /home/bisensee/repos/birds/public/assets/birds/great_black-backed_gull.mp3
Searching for Great%20egret
Found title Great egret
Found main image URL https://upload.wikimedia.org/wikipedia/commons/1/1e/Great_Egret_Breeding_Plumage.png
Fetching attribution for Great_Egret_Breeding_Plumage.png
Found attribution Chuck Homler (FocusOnWildlife.Me) / CC BY-SA 4.0
Downloaded /home/bisensee/repos/birds/public/assets/birds/great_egret.jpg
Searching for great+egret
Found recording: Great Egret
Downloaded /home/bisensee/repos/birds/public/assets/birds/great_egret.mp3
Searching for Greater%20scaup
Found title Greater scaup
Found main image URL https://upload.wikimedia.org/wikipedia/commons/f/fb/Greater-scaup-male2.jpg
Fetching attribution for Greater-scaup-male2.jpg
Found attribution Calibas / CC BY-SA 4.0
Downloaded /home/bisensee/repos/birds/public/assets/birds/greater_scaup.jpg
Searching for greater+scaup
Found recording: Greater Scaup
Downloaded /home/bisensee/repos/birds/public/assets/birds/greater_scaup.mp3
Searching for King%20rail
Found title King rail
Found main image URL https://upload.wikimedia.org/wikipedia/commons/5/5f/KingRail23.jpg
Fetching attribution for KingRail23.jpg
Found attribution Jim Rathert/MO Conservation / Public domain
Downloaded /home/bisensee/repos/birds/public/assets/birds/king_rail.jpg
Searching for king+rail
Found recording: King Rail
Downloaded /home/bisensee/repos/birds/public/assets/birds/king_rail.mp3
Searching for Lucifer%20hummingbird
Found title Lucifer hummingbird
Searching for Monk%20parakeet
Found title Monk parakeet
Found main image URL https://upload.wikimedia.org/wikipedia/commons/5/5c/Monk_Parakeet_%28Myiopsitta_monachus%29_%2828420470712%29.jpg
Fetching attribution for Monk_Parakeet_%28Myiopsitta_monachus%29_%2828420470712%29.jpg
Found attribution Bernard DUPONT / CC BY-SA 2.0
Downloaded /home/bisensee/repos/birds/public/assets/birds/monk_parakeet.jpg
Searching for monk+parakeet
Found recording: Monk Parakeet
Downloaded /home/bisensee/repos/birds/public/assets/birds/monk_parakeet.mp3
Searching for Painted%20bunting
Found title Painted bunting
Found main image URL https://upload.wikimedia.org/wikipedia/commons/0/03/Passerina_ciris-20090208.jpg
Fetching attribution for Passerina_ciris-20090208.jpg
Found attribution Doug Janson / CC BY-SA 3.0
Downloaded /home/bisensee/repos/birds/public/assets/birds/painted_bunting.jpg
Searching for painted+bunting
Found recording: Painted Bunting
Downloaded /home/bisensee/repos/birds/public/assets/birds/painted_bunting.mp3

Fetching done
Failed downloads:
[
  {
    name: 'Black-browned albatross',
    error: 'No recording results found for url https://www.xeno-canto.org/api/2/recordings?query=black-browned+albatross+len:10-25'
  },
  {
    name: 'Annas hummingbird',
    error: 'No recording results found for url https://www.xeno-canto.org/api/2/recordings?query=annas+hummingbird+len:10-25'
  },
  {
    name: 'Brant',
    error: 'Could not find main image URL: source field is either not present or value is empty'
  },
  {
    name: 'Common raven',
    error: 'No recording results found for url https://www.xeno-canto.org/api/2/recordings?query=common+raven+len:10-25'
  },
  {
    name: 'Lucifer hummingbird',
    error: 'Could not find main image URL: source field is either not present or value is empty'
  }
]

Writing index file
Finished bird fetching
